<?xml version="1.0" encoding="UTF-8"?>
<testng-results skipped="0" failed="0" total="1" passed="1">
  <reporter-output>
  </reporter-output>
  <suite name="PT1" duration-ms="16" started-at="2018-12-20T13:42:47Z" finished-at="2018-12-20T13:42:47Z">
    <groups>
    </groups>
    <test name="example" duration-ms="16" started-at="2018-12-20T13:42:47Z" finished-at="2018-12-20T13:42:47Z">
      <class name="org.wso2.carbon.tests.TeatCase1">
        <test-method status="PASS" signature="testMethod6()[pri:0, instance:org.wso2.carbon.tests.TeatCase1@c818063]" name="testMethod6" duration-ms="6" started-at="2018-12-20T19:12:47Z" finished-at="2018-12-20T19:12:47Z">
          <reporter-output>
          </reporter-output>
        </test-method> <!-- testMethod6 -->
      </class> <!-- org.wso2.carbon.tests.TeatCase1 -->
    </test> <!-- example -->
  </suite> <!-- PT1 -->
</testng-results>
